[0922/225723.447:ERROR:process_memory_win.cc(73)] ReadMemory at 0x2081f0ad260 of 72 bytes failed: Only part of a ReadProcessMemory or WriteProcessMemory request was completed. (0x12B)
[0922/225723.448:WARNING:pe_image_annotations_reader.cc(135)] could not read annotations list object in C:\Program Files (x86)\Google\Chrome\Application\85.0.4183.102\chrome_elf.dll
[0922/225723.448:ERROR:process_memory_win.cc(73)] ReadMemory at 0x2081f0e49d0 of 72 bytes failed: Only part of a ReadProcessMemory or WriteProcessMemory request was completed. (0x12B)
[0922/225723.448:WARNING:pe_image_annotations_reader.cc(135)] could not read annotations list object in C:\Program Files (x86)\Google\Chrome\Application\85.0.4183.102\chrome.dll
[0922/225723.475:ERROR:process_memory_win.cc(73)] ReadMemory at 0x7ff6f87e0000 of 64 bytes failed: Only part of a ReadProcessMemory or WriteProcessMemory request was completed. (0x12B)
[0922/225723.476:WARNING:pe_image_reader.cc(340)] could not read dos header from C:\Program Files (x86)\Google\Chrome\Application\chrome.exe
[0922/225723.476:ERROR:process_memory_win.cc(73)] ReadMemory at 0x7ffa44680000 of 64 bytes failed: Only part of a ReadProcessMemory or WriteProcessMemory request was completed. (0x12B)
[0922/225723.476:WARNING:pe_image_reader.cc(340)] could not read dos header from C:\WINDOWS\SYSTEM32\ntdll.dll
[0922/225723.476:ERROR:process_memory_win.cc(73)] ReadMemory at 0x7ffa42d80000 of 64 bytes failed: Only part of a ReadProcessMemory or WriteProcessMemory request was completed. (0x12B)
[0922/225723.476:WARNING:pe_image_reader.cc(340)] could not read dos header from C:\WINDOWS\System32\KERNEL32.DLL
[0922/225723.476:ERROR:process_memory_win.cc(73)] ReadMemory at 0x7ffa41610000 of 64 bytes failed: Only part of a ReadProcessMemory or WriteProcessMemory request was completed. (0x12B)
[0922/225723.476:WARNING:pe_image_reader.cc(340)] could not read dos header from C:\WINDOWS\System32\KERNELBASE.dll
[0922/225723.476:ERROR:process_memory_win.cc(73)] ReadMemory at 0x7ffa341a0000 of 64 bytes failed: Only part of a ReadProcessMemory or WriteProcessMemory request was completed. (0x12B)
[0922/225723.476:WARNING:pe_image_reader.cc(340)] could not read dos header from C:\Program Files (x86)\Google\Chrome\Application\85.0.4183.102\chrome_elf.dll
[0922/225723.476:ERROR:process_memory_win.cc(73)] ReadMemory at 0x7ffa389a0000 of 64 bytes failed: Only part of a ReadProcessMemory or WriteProcessMemory request was completed. (0x12B)
[0922/225723.476:WARNING:pe_image_reader.cc(340)] could not read dos header from C:\WINDOWS\SYSTEM32\VERSION.dll
[0922/225723.476:ERROR:process_memory_win.cc(73)] ReadMemory at 0x7ffa44530000 of 64 bytes failed: Only part of a ReadProcessMemory or WriteProcessMemory request was completed. (0x12B)
[0922/225723.476:WARNING:pe_image_reader.cc(340)] could not read dos header from C:\WINDOWS\System32\msvcrt.dll
[0922/225723.476:ERROR:process_memory_win.cc(73)] ReadMemory at 0x7ffa41c70000 of 64 bytes failed: Only part of a ReadProcessMemory or WriteProcessMemory request was completed. (0x12B)
[0922/225723.476:WARNING:pe_image_reader.cc(340)] could not read dos header from C:\WINDOWS\System32\bcryptPrimitives.dll
[0922/225723.476:ERROR:process_memory_win.cc(73)] ReadMemory at 0x7ffa3f560000 of 64 bytes failed: Only part of a ReadProcessMemory or WriteProcessMemory request was completed. (0x12B)
[0922/225723.476:WARNING:pe_image_reader.cc(340)] could not read dos header from C:\WINDOWS\SYSTEM32\WINMM.dll
[0922/225723.477:ERROR:process_memory_win.cc(73)] ReadMemory at 0x7ffa3f530000 of 64 bytes failed: Only part of a ReadProcessMemory or WriteProcessMemory request was completed. (0x12B)
[0922/225723.477:WARNING:pe_image_reader.cc(340)] could not read dos header from C:\WINDOWS\SYSTEM32\WINMMBASE.dll
[0922/225723.477:ERROR:process_memory_win.cc(73)] ReadMemory at 0x7ffa426b0000 of 64 bytes failed: Only part of a ReadProcessMemory or WriteProcessMemory request was completed. (0x12B)
[0922/225723.477:WARNING:pe_image_reader.cc(340)] could not read dos header from C:\WINDOWS\System32\cfgmgr32.dll
[0922/225723.477:ERROR:process_memory_win.cc(73)] ReadMemory at 0x7ffa42550000 of 64 bytes failed: Only part of a ReadProcessMemory or WriteProcessMemory request was completed. (0x12B)
[0922/225723.477:WARNING:pe_image_reader.cc(340)] could not read dos header from C:\WINDOWS\System32\ucrtbase.dll
[0922/225723.477:ERROR:process_memory_win.cc(73)] ReadMemory at 0x7ffa42770000 of 64 bytes failed: Only part of a ReadProcessMemory or WriteProcessMemory request was completed. (0x12B)
[0922/225723.477:WARNING:pe_image_reader.cc(340)] could not read dos header from C:\WINDOWS\System32\ADVAPI32.dll
[0922/225723.477:ERROR:process_memory_win.cc(73)] ReadMemory at 0x7ffa43380000 of 64 bytes failed: Only part of a ReadProcessMemory or WriteProcessMemory request was completed. (0x12B)
[0922/225723.477:WARNING:pe_image_reader.cc(340)] could not read dos header from C:\WINDOWS\System32\sechost.dll
[0922/225723.477:ERROR:process_memory_win.cc(73)] ReadMemory at 0x7ffa42c40000 of 64 bytes failed: Only part of a ReadProcessMemory or WriteProcessMemory request was completed. (0x12B)
[0922/225723.477:WARNING:pe_image_reader.cc(340)] could not read dos header from C:\WINDOWS\System32\RPCRT4.dll
[0922/225723.477:ERROR:process_memory_win.cc(73)] ReadMemory at 0x7ff9ffc90000 of 64 bytes failed: Only part of a ReadProcessMemory or WriteProcessMemory request was completed. (0x12B)
[0922/225723.477:WARNING:pe_image_reader.cc(340)] could not read dos header from C:\Program Files (x86)\Google\Chrome\Application\85.0.4183.102\chrome.dll
[0922/225723.477:ERROR:process_memory_win.cc(73)] ReadMemory at 0x7ffa43480000 of 64 bytes failed: Only part of a ReadProcessMemory or WriteProcessMemory request was completed. (0x12B)
[0922/225723.477:WARNING:pe_image_reader.cc(340)] could not read dos header from C:\WINDOWS\System32\WS2_32.dll
[0922/225723.477:ERROR:process_memory_win.cc(73)] ReadMemory at 0x7ffa42b70000 of 64 bytes failed: Only part of a ReadProcessMemory or WriteProcessMemory request was completed. (0x12B)
[0922/225723.477:WARNING:pe_image_reader.cc(340)] could not read dos header from C:\WINDOWS\System32\OLEAUT32.dll
[0922/225723.477:ERROR:process_memory_win.cc(73)] ReadMemory at 0x7ffa41a30000 of 64 bytes failed: Only part of a ReadProcessMemory or WriteProcessMemory request was completed. (0x12B)
[0922/225723.477:WARNING:pe_image_reader.cc(340)] could not read dos header from C:\WINDOWS\System32\msvcp_win.dll
[0922/225723.477:ERROR:process_memory_win.cc(73)] ReadMemory at 0x7ffa43550000 of 64 bytes failed: Only part of a ReadProcessMemory or WriteProcessMemory request was completed. (0x12B)
[0922/225723.477:WARNING:pe_image_reader.cc(340)] could not read dos header from C:\WINDOWS\System32\combase.dll
[0922/225723.477:ERROR:process_memory_win.cc(73)] ReadMemory at 0x7ffa42650000 of 64 bytes failed: Only part of a ReadProcessMemory or WriteProcessMemory request was completed. (0x12B)
[0922/225723.477:WARNING:pe_image_reader.cc(340)] could not read dos header from C:\WINDOWS\System32\WINTRUST.dll
[0922/225723.477:ERROR:process_memory_win.cc(73)] ReadMemory at 0x7ffa41580000 of 64 bytes failed: Only part of a ReadProcessMemory or WriteProcessMemory request was completed. (0x12B)
[0922/225723.477:WARNING:pe_image_reader.cc(340)] could not read dos header from C:\WINDOWS\System32\MSASN1.dll
[0922/225723.477:ERROR:process_memory_win.cc(73)] ReadMemory at 0x7ffa418c0000 of 64 bytes failed: Only part of a ReadProcessMemory or WriteProcessMemory request was completed. (0x12B)
[0922/225723.477:WARNING:pe_image_reader.cc(340)] could not read dos header from C:\WINDOWS\System32\CRYPT32.dll
[0922/225723.478:ERROR:process_memory_win.cc(73)] ReadMemory at 0x7ffa40aa0000 of 64 bytes failed: Only part of a ReadProcessMemory or WriteProcessMemory request was completed. (0x12B)
[0922/225723.478:WARNING:pe_image_reader.cc(340)] could not read dos header from C:\WINDOWS\SYSTEM32\IPHLPAPI.DLL
[0922/225723.478:ERROR:process_memory_win.cc(73)] ReadMemory at 0x7ffa28720000 of 64 bytes failed: Only part of a ReadProcessMemory or WriteProcessMemory request was completed. (0x12B)
[0922/225723.478:WARNING:pe_image_reader.cc(340)] could not read dos header from C:\WINDOWS\SYSTEM32\UIAutomationCore.DLL
[0922/225723.478:ERROR:process_memory_win.cc(73)] ReadMemory at 0x7ffa31cf0000 of 64 bytes failed: Only part of a ReadProcessMemory or WriteProcessMemory request was completed. (0x12B)
[0922/225723.478:WARNING:pe_image_reader.cc(340)] could not read dos header from C:\WINDOWS\SYSTEM32\Secur32.dll
[0922/225723.478:ERROR:process_memory_win.cc(73)] ReadMemory at 0x7ffa41460000 of 64 bytes failed: Only part of a ReadProcessMemory or WriteProcessMemory request was completed. (0x12B)
[0922/225723.478:WARNING:pe_image_reader.cc(340)] could not read dos header from C:\WINDOWS\SYSTEM32\USERENV.dll
[0922/225723.478:ERROR:process_memory_win.cc(73)] ReadMemory at 0x7ffa41550000 of 64 bytes failed: Only part of a ReadProcessMemory or WriteProcessMemory request was completed. (0x12B)
[0922/225723.478:WARNING:pe_image_reader.cc(340)] could not read dos header from C:\WINDOWS\System32\profapi.dll
[0922/225723.478:ERROR:process_memory_win.cc(73)] ReadMemory at 0x7ffa2f030000 of 64 bytes failed: Only part of a ReadProcessMemory or WriteProcessMemory request was completed. (0x12B)
[0922/225723.478:WARNING:pe_image_reader.cc(340)] could not read dos header from C:\WINDOWS\SYSTEM32\DWrite.dll
[0922/225723.478:ERROR:process_memory_win.cc(73)] ReadMemory at 0x7ffa29790000 of 64 bytes failed: Only part of a ReadProcessMemory or WriteProcessMemory request was completed. (0x12B)
[0922/225723.478:WARNING:pe_image_reader.cc(340)] could not read dos header from C:\WINDOWS\SYSTEM32\WINSPOOL.DRV
[0922/225723.478:ERROR:process_memory_win.cc(73)] ReadMemory at 0x7ffa415f0000 of 64 bytes failed: Only part of a ReadProcessMemory or WriteProcessMemory request was completed. (0x12B)
[0922/225723.478:WARNING:pe_image_reader.cc(340)] could not read dos header from C:\WINDOWS\System32\kernel.appcore.dll
[0922/225723.478:ERROR:process_memory_win.cc(73)] ReadMemory at 0x7ffa42700000 of 64 bytes failed: Only part of a ReadProcessMemory or WriteProcessMemory request was completed. (0x12B)
[0922/225723.478:WARNING:pe_image_reader.cc(340)] could not read dos header from C:\WINDOWS\System32\bcrypt.dll
[0922/225723.478:ERROR:process_memory_win.cc(73)] ReadMemory at 0x7ffa33280000 of 64 bytes failed: Only part of a ReadProcessMemory or WriteProcessMemory request was completed. (0x12B)
[0922/225723.478:WARNING:pe_image_reader.cc(340)] could not read dos header from C:\WINDOWS\SYSTEM32\dbghelp.dll
[0922/225723.478:ERROR:process_memory_win.cc(73)] ReadMemory at 0x7ffa3a2f0000 of 64 bytes failed: Only part of a ReadProcessMemory or WriteProcessMemory request was completed. (0x12B)
[0922/225723.478:WARNING:pe_image_reader.cc(340)] could not read dos header from C:\WINDOWS\SYSTEM32\WINHTTP.dll
[0922/225723.478:ERROR:process_memory_win.cc(73)] ReadMemory at 0x7ffa3ac30000 of 64 bytes failed: Only part of a ReadProcessMemory or WriteProcessMemory request was completed. (0x12B)
[0922/225723.478:WARNING:pe_image_reader.cc(340)] could not read dos header from C:\WINDOWS\SYSTEM32\dhcpcsvc.DLL
[0922/225723.478:ERROR:process_memory_win.cc(73)] ReadMemory at 0x7ffa43a00000 of 64 bytes failed: Only part of a ReadProcessMemory or WriteProcessMemory request was completed. (0x12B)
[0922/225723.478:WARNING:pe_image_reader.cc(340)] could not read dos header from C:\WINDOWS\System32\NSI.dll
[0922/225723.478:ERROR:process_memory_win.cc(73)] ReadMemory at 0x7ffa3eb90000 of 64 bytes failed: Only part of a ReadProcessMemory or WriteProcessMemory request was completed. (0x12B)
[0922/225723.478:WARNING:pe_image_reader.cc(340)] could not read dos header from C:\WINDOWS\SYSTEM32\PROPSYS.dll
[0922/225723.478:ERROR:process_memory_win.cc(73)] ReadMemory at 0x7ffa43d20000 of 64 bytes failed: Only part of a ReadProcessMemory or WriteProcessMemory request was completed. (0x12B)
[0922/225723.479:WARNING:pe_image_reader.cc(340)] could not read dos header from C:\WINDOWS\System32\shcore.dll
[0922/225723.479:ERROR:process_memory_win.cc(73)] ReadMemory at 0x7ffa41420000 of 64 bytes failed: Only part of a ReadProcessMemory or WriteProcessMemory request was completed. (0x12B)
[0922/225723.479:WARNING:pe_image_reader.cc(340)] could not read dos header from C:\WINDOWS\SYSTEM32\SSPICLI.DLL
[0922/225723.479:ERROR:process_memory_win.cc(73)] ReadMemory at 0x7ffa40f60000 of 64 bytes failed: Only part of a ReadProcessMemory or WriteProcessMemory request was completed. (0x12B)
[0922/225723.479:WARNING:pe_image_reader.cc(340)] could not read dos header from C:\WINDOWS\SYSTEM32\CRYPTBASE.DLL
[0922/225723.483:ERROR:process_memory_win.cc(73)] ReadMemory at 0x7ff6f87e0000 of 64 bytes failed: Only part of a ReadProcessMemory or WriteProcessMemory request was completed. (0x12B)
[0922/225723.483:WARNING:pe_image_reader.cc(340)] could not read dos header from C:\Program Files (x86)\Google\Chrome\Application\chrome.exe
[0922/225723.483:ERROR:process_memory_win.cc(73)] ReadMemory at 0x7ffa44680000 of 64 bytes failed: Only part of a ReadProcessMemory or WriteProcessMemory request was completed. (0x12B)
[0922/225723.483:WARNING:pe_image_reader.cc(340)] could not read dos header from C:\WINDOWS\SYSTEM32\ntdll.dll
[0922/225723.483:ERROR:process_memory_win.cc(73)] ReadMemory at 0x7ffa42d80000 of 64 bytes failed: Only part of a ReadProcessMemory or WriteProcessMemory request was completed. (0x12B)
[0922/225723.483:WARNING:pe_image_reader.cc(340)] could not read dos header from C:\WINDOWS\System32\KERNEL32.DLL
[0922/225723.483:ERROR:process_memory_win.cc(73)] ReadMemory at 0x7ffa41610000 of 64 bytes failed: Only part of a ReadProcessMemory or WriteProcessMemory request was completed. (0x12B)
[0922/225723.483:WARNING:pe_image_reader.cc(340)] could not read dos header from C:\WINDOWS\System32\KERNELBASE.dll
[0922/225723.483:ERROR:process_memory_win.cc(73)] ReadMemory at 0x7ffa341a0000 of 64 bytes failed: Only part of a ReadProcessMemory or WriteProcessMemory request was completed. (0x12B)
[0922/225723.483:WARNING:pe_image_reader.cc(340)] could not read dos header from C:\Program Files (x86)\Google\Chrome\Application\85.0.4183.102\chrome_elf.dll
[0922/225723.483:ERROR:process_memory_win.cc(73)] ReadMemory at 0x7ffa389a0000 of 64 bytes failed: Only part of a ReadProcessMemory or WriteProcessMemory request was completed. (0x12B)
[0922/225723.483:WARNING:pe_image_reader.cc(340)] could not read dos header from C:\WINDOWS\SYSTEM32\VERSION.dll
[0922/225723.483:ERROR:process_memory_win.cc(73)] ReadMemory at 0x7ffa44530000 of 64 bytes failed: Only part of a ReadProcessMemory or WriteProcessMemory request was completed. (0x12B)
[0922/225723.483:WARNING:pe_image_reader.cc(340)] could not read dos header from C:\WINDOWS\System32\msvcrt.dll
[0922/225723.483:ERROR:process_memory_win.cc(73)] ReadMemory at 0x7ffa41c70000 of 64 bytes failed: Only part of a ReadProcessMemory or WriteProcessMemory request was completed. (0x12B)
[0922/225723.483:WARNING:pe_image_reader.cc(340)] could not read dos header from C:\WINDOWS\System32\bcryptPrimitives.dll
[0922/225723.483:ERROR:process_memory_win.cc(73)] ReadMemory at 0x7ffa3f560000 of 64 bytes failed: Only part of a ReadProcessMemory or WriteProcessMemory request was completed. (0x12B)
[0922/225723.483:WARNING:pe_image_reader.cc(340)] could not read dos header from C:\WINDOWS\SYSTEM32\WINMM.dll
[0922/225723.483:ERROR:process_memory_win.cc(73)] ReadMemory at 0x7ffa3f530000 of 64 bytes failed: Only part of a ReadProcessMemory or WriteProcessMemory request was completed. (0x12B)
[0922/225723.483:WARNING:pe_image_reader.cc(340)] could not read dos header from C:\WINDOWS\SYSTEM32\WINMMBASE.dll
[0922/225723.484:ERROR:process_memory_win.cc(73)] ReadMemory at 0x7ffa426b0000 of 64 bytes failed: Only part of a ReadProcessMemory or WriteProcessMemory request was completed. (0x12B)
[0922/225723.484:WARNING:pe_image_reader.cc(340)] could not read dos header from C:\WINDOWS\System32\cfgmgr32.dll
[0922/225723.484:ERROR:process_memory_win.cc(73)] ReadMemory at 0x7ffa42550000 of 64 bytes failed: Only part of a ReadProcessMemory or WriteProcessMemory request was completed. (0x12B)
[0922/225723.484:WARNING:pe_image_reader.cc(340)] could not read dos header from C:\WINDOWS\System32\ucrtbase.dll
[0922/225723.484:ERROR:process_memory_win.cc(73)] ReadMemory at 0x7ffa42770000 of 64 bytes failed: Only part of a ReadProcessMemory or WriteProcessMemory request was completed. (0x12B)
[0922/225723.484:WARNING:pe_image_reader.cc(340)] could not read dos header from C:\WINDOWS\System32\ADVAPI32.dll
[0922/225723.484:ERROR:process_memory_win.cc(73)] ReadMemory at 0x7ffa43380000 of 64 bytes failed: Only part of a ReadProcessMemory or WriteProcessMemory request was completed. (0x12B)
[0922/225723.484:WARNING:pe_image_reader.cc(340)] could not read dos header from C:\WINDOWS\System32\sechost.dll
[0922/225723.484:ERROR:process_memory_win.cc(73)] ReadMemory at 0x7ffa42c40000 of 64 bytes failed: Only part of a ReadProcessMemory or WriteProcessMemory request was completed. (0x12B)
[0922/225723.484:WARNING:pe_image_reader.cc(340)] could not read dos header from C:\WINDOWS\System32\RPCRT4.dll
[0922/225723.484:ERROR:process_memory_win.cc(73)] ReadMemory at 0x7ff9ffc90000 of 64 bytes failed: Only part of a ReadProcessMemory or WriteProcessMemory request was completed. (0x12B)
[0922/225723.484:WARNING:pe_image_reader.cc(340)] could not read dos header from C:\Program Files (x86)\Google\Chrome\Application\85.0.4183.102\chrome.dll
[0922/225723.484:ERROR:process_memory_win.cc(73)] ReadMemory at 0x7ffa43480000 of 64 bytes failed: Only part of a ReadProcessMemory or WriteProcessMemory request was completed. (0x12B)
[0922/225723.484:WARNING:pe_image_reader.cc(340)] could not read dos header from C:\WINDOWS\System32\WS2_32.dll
[0922/225723.484:ERROR:process_memory_win.cc(73)] ReadMemory at 0x7ffa42b70000 of 64 bytes failed: Only part of a ReadProcessMemory or WriteProcessMemory request was completed. (0x12B)
[0922/225723.484:WARNING:pe_image_reader.cc(340)] could not read dos header from C:\WINDOWS\System32\OLEAUT32.dll
[0922/225723.484:ERROR:process_memory_win.cc(73)] ReadMemory at 0x7ffa41a30000 of 64 bytes failed: Only part of a ReadProcessMemory or WriteProcessMemory request was completed. (0x12B)
[0922/225723.484:WARNING:pe_image_reader.cc(340)] could not read dos header from C:\WINDOWS\System32\msvcp_win.dll
[0922/225723.484:ERROR:process_memory_win.cc(73)] ReadMemory at 0x7ffa43550000 of 64 bytes failed: Only part of a ReadProcessMemory or WriteProcessMemory request was completed. (0x12B)
[0922/225723.484:WARNING:pe_image_reader.cc(340)] could not read dos header from C:\WINDOWS\System32\combase.dll
[0922/225723.484:ERROR:process_memory_win.cc(73)] ReadMemory at 0x7ffa42650000 of 64 bytes failed: Only part of a ReadProcessMemory or WriteProcessMemory request was completed. (0x12B)
[0922/225723.484:WARNING:pe_image_reader.cc(340)] could not read dos header from C:\WINDOWS\System32\WINTRUST.dll
[0922/225723.484:ERROR:process_memory_win.cc(73)] ReadMemory at 0x7ffa41580000 of 64 bytes failed: Only part of a ReadProcessMemory or WriteProcessMemory request was completed. (0x12B)
[0922/225723.484:WARNING:pe_image_reader.cc(340)] could not read dos header from C:\WINDOWS\System32\MSASN1.dll
[0922/225723.484:ERROR:process_memory_win.cc(73)] ReadMemory at 0x7ffa418c0000 of 64 bytes failed: Only part of a ReadProcessMemory or WriteProcessMemory request was completed. (0x12B)
[0922/225723.484:WARNING:pe_image_reader.cc(340)] could not read dos header from C:\WINDOWS\System32\CRYPT32.dll
[0922/225723.484:ERROR:process_memory_win.cc(73)] ReadMemory at 0x7ffa40aa0000 of 64 bytes failed: Only part of a ReadProcessMemory or WriteProcessMemory request was completed. (0x12B)
[0922/225723.484:WARNING:pe_image_reader.cc(340)] could not read dos header from C:\WINDOWS\SYSTEM32\IPHLPAPI.DLL
[0922/225723.485:ERROR:process_memory_win.cc(73)] ReadMemory at 0x7ffa28720000 of 64 bytes failed: Only part of a ReadProcessMemory or WriteProcessMemory request was completed. (0x12B)
[0922/225723.485:WARNING:pe_image_reader.cc(340)] could not read dos header from C:\WINDOWS\SYSTEM32\UIAutomationCore.DLL
[0922/225723.485:ERROR:process_memory_win.cc(73)] ReadMemory at 0x7ffa31cf0000 of 64 bytes failed: Only part of a ReadProcessMemory or WriteProcessMemory request was completed. (0x12B)
[0922/225723.485:WARNING:pe_image_reader.cc(340)] could not read dos header from C:\WINDOWS\SYSTEM32\Secur32.dll
[0922/225723.485:ERROR:process_memory_win.cc(73)] ReadMemory at 0x7ffa41460000 of 64 bytes failed: Only part of a ReadProcessMemory or WriteProcessMemory request was completed. (0x12B)
[0922/225723.485:WARNING:pe_image_reader.cc(340)] could not read dos header from C:\WINDOWS\SYSTEM32\USERENV.dll
[0922/225723.485:ERROR:process_memory_win.cc(73)] ReadMemory at 0x7ffa41550000 of 64 bytes failed: Only part of a ReadProcessMemory or WriteProcessMemory request was completed. (0x12B)
[0922/225723.485:WARNING:pe_image_reader.cc(340)] could not read dos header from C:\WINDOWS\System32\profapi.dll
[0922/225723.485:ERROR:process_memory_win.cc(73)] ReadMemory at 0x7ffa2f030000 of 64 bytes failed: Only part of a ReadProcessMemory or WriteProcessMemory request was completed. (0x12B)
[0922/225723.485:WARNING:pe_image_reader.cc(340)] could not read dos header from C:\WINDOWS\SYSTEM32\DWrite.dll
[0922/225723.485:ERROR:process_memory_win.cc(73)] ReadMemory at 0x7ffa29790000 of 64 bytes failed: Only part of a ReadProcessMemory or WriteProcessMemory request was completed. (0x12B)
[0922/225723.485:WARNING:pe_image_reader.cc(340)] could not read dos header from C:\WINDOWS\SYSTEM32\WINSPOOL.DRV
[0922/225723.485:ERROR:process_memory_win.cc(73)] ReadMemory at 0x7ffa415f0000 of 64 bytes failed: Only part of a ReadProcessMemory or WriteProcessMemory request was completed. (0x12B)
[0922/225723.485:WARNING:pe_image_reader.cc(340)] could not read dos header from C:\WINDOWS\System32\kernel.appcore.dll
[0922/225723.485:ERROR:process_memory_win.cc(73)] ReadMemory at 0x7ffa42700000 of 64 bytes failed: Only part of a ReadProcessMemory or WriteProcessMemory request was completed. (0x12B)
[0922/225723.485:WARNING:pe_image_reader.cc(340)] could not read dos header from C:\WINDOWS\System32\bcrypt.dll
[0922/225723.485:ERROR:process_memory_win.cc(73)] ReadMemory at 0x7ffa33280000 of 64 bytes failed: Only part of a ReadProcessMemory or WriteProcessMemory request was completed. (0x12B)
[0922/225723.485:WARNING:pe_image_reader.cc(340)] could not read dos header from C:\WINDOWS\SYSTEM32\dbghelp.dll
[0922/225723.485:ERROR:process_memory_win.cc(73)] ReadMemory at 0x7ffa3a2f0000 of 64 bytes failed: Only part of a ReadProcessMemory or WriteProcessMemory request was completed. (0x12B)
[0922/225723.485:WARNING:pe_image_reader.cc(340)] could not read dos header from C:\WINDOWS\SYSTEM32\WINHTTP.dll
[0922/225723.485:ERROR:process_memory_win.cc(73)] ReadMemory at 0x7ffa3ac30000 of 64 bytes failed: Only part of a ReadProcessMemory or WriteProcessMemory request was completed. (0x12B)
[0922/225723.485:WARNING:pe_image_reader.cc(340)] could not read dos header from C:\WINDOWS\SYSTEM32\dhcpcsvc.DLL
[0922/225723.485:ERROR:process_memory_win.cc(73)] ReadMemory at 0x7ffa43a00000 of 64 bytes failed: Only part of a ReadProcessMemory or WriteProcessMemory request was completed. (0x12B)
[0922/225723.485:WARNING:pe_image_reader.cc(340)] could not read dos header from C:\WINDOWS\System32\NSI.dll
[0922/225723.485:ERROR:process_memory_win.cc(73)] ReadMemory at 0x7ffa3eb90000 of 64 bytes failed: Only part of a ReadProcessMemory or WriteProcessMemory request was completed. (0x12B)
[0922/225723.485:WARNING:pe_image_reader.cc(340)] could not read dos header from C:\WINDOWS\SYSTEM32\PROPSYS.dll
[0922/225723.485:ERROR:process_memory_win.cc(73)] ReadMemory at 0x7ffa43d20000 of 64 bytes failed: Only part of a ReadProcessMemory or WriteProcessMemory request was completed. (0x12B)
[0922/225723.486:WARNING:pe_image_reader.cc(340)] could not read dos header from C:\WINDOWS\System32\shcore.dll
[0922/225723.486:ERROR:process_memory_win.cc(73)] ReadMemory at 0x7ffa41420000 of 64 bytes failed: Only part of a ReadProcessMemory or WriteProcessMemory request was completed. (0x12B)
[0922/225723.486:WARNING:pe_image_reader.cc(340)] could not read dos header from C:\WINDOWS\SYSTEM32\SSPICLI.DLL
[0922/225723.486:ERROR:process_memory_win.cc(73)] ReadMemory at 0x7ffa40f60000 of 64 bytes failed: Only part of a ReadProcessMemory or WriteProcessMemory request was completed. (0x12B)
[0922/225723.486:WARNING:pe_image_reader.cc(340)] could not read dos header from C:\WINDOWS\SYSTEM32\CRYPTBASE.DLL
[0922/225723.486:ERROR:process_memory_win.cc(73)] ReadMemory at 0x7ff6f87e0000 of 64 bytes failed: Only part of a ReadProcessMemory or WriteProcessMemory request was completed. (0x12B)
[0922/225723.486:WARNING:pe_image_reader.cc(340)] could not read dos header from C:\Program Files (x86)\Google\Chrome\Application\chrome.exe
[0922/225723.486:ERROR:process_memory_win.cc(73)] ReadMemory at 0x7ffa44680000 of 64 bytes failed: Only part of a ReadProcessMemory or WriteProcessMemory request was completed. (0x12B)
[0922/225723.486:WARNING:pe_image_reader.cc(340)] could not read dos header from C:\WINDOWS\SYSTEM32\ntdll.dll
[0922/225723.486:ERROR:process_memory_win.cc(73)] ReadMemory at 0x7ffa42d80000 of 64 bytes failed: Only part of a ReadProcessMemory or WriteProcessMemory request was completed. (0x12B)
[0922/225723.486:WARNING:pe_image_reader.cc(340)] could not read dos header from C:\WINDOWS\System32\KERNEL32.DLL
[0922/225723.486:ERROR:process_memory_win.cc(73)] ReadMemory at 0x7ffa41610000 of 64 bytes failed: Only part of a ReadProcessMemory or WriteProcessMemory request was completed. (0x12B)
[0922/225723.486:WARNING:pe_image_reader.cc(340)] could not read dos header from C:\WINDOWS\System32\KERNELBASE.dll
[0922/225723.486:ERROR:process_memory_win.cc(73)] ReadMemory at 0x7ffa341a0000 of 64 bytes failed: Only part of a ReadProcessMemory or WriteProcessMemory request was completed. (0x12B)
[0922/225723.486:WARNING:pe_image_reader.cc(340)] could not read dos header from C:\Program Files (x86)\Google\Chrome\Application\85.0.4183.102\chrome_elf.dll
[0922/225723.486:ERROR:process_memory_win.cc(73)] ReadMemory at 0x7ffa389a0000 of 64 bytes failed: Only part of a ReadProcessMemory or WriteProcessMemory request was completed. (0x12B)
[0922/225723.486:WARNING:pe_image_reader.cc(340)] could not read dos header from C:\WINDOWS\SYSTEM32\VERSION.dll
[0922/225723.486:ERROR:process_memory_win.cc(73)] ReadMemory at 0x7ffa44530000 of 64 bytes failed: Only part of a ReadProcessMemory or WriteProcessMemory request was completed. (0x12B)
[0922/225723.486:WARNING:pe_image_reader.cc(340)] could not read dos header from C:\WINDOWS\System32\msvcrt.dll
[0922/225723.486:ERROR:process_memory_win.cc(73)] ReadMemory at 0x7ffa41c70000 of 64 bytes failed: Only part of a ReadProcessMemory or WriteProcessMemory request was completed. (0x12B)
[0922/225723.486:WARNING:pe_image_reader.cc(340)] could not read dos header from C:\WINDOWS\System32\bcryptPrimitives.dll
[0922/225723.486:ERROR:process_memory_win.cc(73)] ReadMemory at 0x7ffa3f560000 of 64 bytes failed: Only part of a ReadProcessMemory or WriteProcessMemory request was completed. (0x12B)
[0922/225723.486:WARNING:pe_image_reader.cc(340)] could not read dos header from C:\WINDOWS\SYSTEM32\WINMM.dll
[0922/225723.486:ERROR:process_memory_win.cc(73)] ReadMemory at 0x7ffa3f530000 of 64 bytes failed: Only part of a ReadProcessMemory or WriteProcessMemory request was completed. (0x12B)
[0922/225723.486:WARNING:pe_image_reader.cc(340)] could not read dos header from C:\WINDOWS\SYSTEM32\WINMMBASE.dll
[0922/225723.486:ERROR:process_memory_win.cc(73)] ReadMemory at 0x7ffa426b0000 of 64 bytes failed: Only part of a ReadProcessMemory or WriteProcessMemory request was completed. (0x12B)
[0922/225723.486:WARNING:pe_image_reader.cc(340)] could not read dos header from C:\WINDOWS\System32\cfgmgr32.dll
[0922/225723.487:ERROR:process_memory_win.cc(73)] ReadMemory at 0x7ffa42550000 of 64 bytes failed: Only part of a ReadProcessMemory or WriteProcessMemory request was completed. (0x12B)
[0922/225723.487:WARNING:pe_image_reader.cc(340)] could not read dos header from C:\WINDOWS\System32\ucrtbase.dll
[0922/225723.487:ERROR:process_memory_win.cc(73)] ReadMemory at 0x7ffa42770000 of 64 bytes failed: Only part of a ReadProcessMemory or WriteProcessMemory request was completed. (0x12B)
[0922/225723.487:WARNING:pe_image_reader.cc(340)] could not read dos header from C:\WINDOWS\System32\ADVAPI32.dll
[0922/225723.487:ERROR:process_memory_win.cc(73)] ReadMemory at 0x7ffa43380000 of 64 bytes failed: Only part of a ReadProcessMemory or WriteProcessMemory request was completed. (0x12B)
[0922/225723.487:WARNING:pe_image_reader.cc(340)] could not read dos header from C:\WINDOWS\System32\sechost.dll
[0922/225723.487:ERROR:process_memory_win.cc(73)] ReadMemory at 0x7ffa42c40000 of 64 bytes failed: Only part of a ReadProcessMemory or WriteProcessMemory request was completed. (0x12B)
[0922/225723.487:WARNING:pe_image_reader.cc(340)] could not read dos header from C:\WINDOWS\System32\RPCRT4.dll
[0922/225723.487:ERROR:process_memory_win.cc(73)] ReadMemory at 0x7ff9ffc90000 of 64 bytes failed: Only part of a ReadProcessMemory or WriteProcessMemory request was completed. (0x12B)
[0922/225723.487:WARNING:pe_image_reader.cc(340)] could not read dos header from C:\Program Files (x86)\Google\Chrome\Application\85.0.4183.102\chrome.dll
[0922/225723.487:ERROR:process_memory_win.cc(73)] ReadMemory at 0x7ffa43480000 of 64 bytes failed: Only part of a ReadProcessMemory or WriteProcessMemory request was completed. (0x12B)
[0922/225723.487:WARNING:pe_image_reader.cc(340)] could not read dos header from C:\WINDOWS\System32\WS2_32.dll
[0922/225723.487:ERROR:process_memory_win.cc(73)] ReadMemory at 0x7ffa42b70000 of 64 bytes failed: Only part of a ReadProcessMemory or WriteProcessMemory request was completed. (0x12B)
[0922/225723.487:WARNING:pe_image_reader.cc(340)] could not read dos header from C:\WINDOWS\System32\OLEAUT32.dll
[0922/225723.487:ERROR:process_memory_win.cc(73)] ReadMemory at 0x7ffa41a30000 of 64 bytes failed: Only part of a ReadProcessMemory or WriteProcessMemory request was completed. (0x12B)
[0922/225723.487:WARNING:pe_image_reader.cc(340)] could not read dos header from C:\WINDOWS\System32\msvcp_win.dll
[0922/225723.487:ERROR:process_memory_win.cc(73)] ReadMemory at 0x7ffa43550000 of 64 bytes failed: Only part of a ReadProcessMemory or WriteProcessMemory request was completed. (0x12B)
[0922/225723.487:WARNING:pe_image_reader.cc(340)] could not read dos header from C:\WINDOWS\System32\combase.dll
[0922/225723.487:ERROR:process_memory_win.cc(73)] ReadMemory at 0x7ffa42650000 of 64 bytes failed: Only part of a ReadProcessMemory or WriteProcessMemory request was completed. (0x12B)
[0922/225723.487:WARNING:pe_image_reader.cc(340)] could not read dos header from C:\WINDOWS\System32\WINTRUST.dll
[0922/225723.487:ERROR:process_memory_win.cc(73)] ReadMemory at 0x7ffa41580000 of 64 bytes failed: Only part of a ReadProcessMemory or WriteProcessMemory request was completed. (0x12B)
[0922/225723.487:WARNING:pe_image_reader.cc(340)] could not read dos header from C:\WINDOWS\System32\MSASN1.dll
[0922/225723.487:ERROR:process_memory_win.cc(73)] ReadMemory at 0x7ffa418c0000 of 64 bytes failed: Only part of a ReadProcessMemory or WriteProcessMemory request was completed. (0x12B)
[0922/225723.487:WARNING:pe_image_reader.cc(340)] could not read dos header from C:\WINDOWS\System32\CRYPT32.dll
[0922/225723.487:ERROR:process_memory_win.cc(73)] ReadMemory at 0x7ffa40aa0000 of 64 bytes failed: Only part of a ReadProcessMemory or WriteProcessMemory request was completed. (0x12B)
[0922/225723.487:WARNING:pe_image_reader.cc(340)] could not read dos header from C:\WINDOWS\SYSTEM32\IPHLPAPI.DLL
[0922/225723.487:ERROR:process_memory_win.cc(73)] ReadMemory at 0x7ffa28720000 of 64 bytes failed: Only part of a ReadProcessMemory or WriteProcessMemory request was completed. (0x12B)
[0922/225723.487:WARNING:pe_image_reader.cc(340)] could not read dos header from C:\WINDOWS\SYSTEM32\UIAutomationCore.DLL
[0922/225723.487:ERROR:process_memory_win.cc(73)] ReadMemory at 0x7ffa31cf0000 of 64 bytes failed: Only part of a ReadProcessMemory or WriteProcessMemory request was completed. (0x12B)
[0922/225723.488:WARNING:pe_image_reader.cc(340)] could not read dos header from C:\WINDOWS\SYSTEM32\Secur32.dll
[0922/225723.488:ERROR:process_memory_win.cc(73)] ReadMemory at 0x7ffa41460000 of 64 bytes failed: Only part of a ReadProcessMemory or WriteProcessMemory request was completed. (0x12B)
[0922/225723.488:WARNING:pe_image_reader.cc(340)] could not read dos header from C:\WINDOWS\SYSTEM32\USERENV.dll
[0922/225723.488:ERROR:process_memory_win.cc(73)] ReadMemory at 0x7ffa41550000 of 64 bytes failed: Only part of a ReadProcessMemory or WriteProcessMemory request was completed. (0x12B)
[0922/225723.488:WARNING:pe_image_reader.cc(340)] could not read dos header from C:\WINDOWS\System32\profapi.dll
[0922/225723.488:ERROR:process_memory_win.cc(73)] ReadMemory at 0x7ffa2f030000 of 64 bytes failed: Only part of a ReadProcessMemory or WriteProcessMemory request was completed. (0x12B)
[0922/225723.488:WARNING:pe_image_reader.cc(340)] could not read dos header from C:\WINDOWS\SYSTEM32\DWrite.dll
[0922/225723.488:ERROR:process_memory_win.cc(73)] ReadMemory at 0x7ffa29790000 of 64 bytes failed: Only part of a ReadProcessMemory or WriteProcessMemory request was completed. (0x12B)
[0922/225723.488:WARNING:pe_image_reader.cc(340)] could not read dos header from C:\WINDOWS\SYSTEM32\WINSPOOL.DRV
[0922/225723.488:ERROR:process_memory_win.cc(73)] ReadMemory at 0x7ffa415f0000 of 64 bytes failed: Only part of a ReadProcessMemory or WriteProcessMemory request was completed. (0x12B)
[0922/225723.488:WARNING:pe_image_reader.cc(340)] could not read dos header from C:\WINDOWS\System32\kernel.appcore.dll
[0922/225723.488:ERROR:process_memory_win.cc(73)] ReadMemory at 0x7ffa42700000 of 64 bytes failed: Only part of a ReadProcessMemory or WriteProcessMemory request was completed. (0x12B)
[0922/225723.488:WARNING:pe_image_reader.cc(340)] could not read dos header from C:\WINDOWS\System32\bcrypt.dll
[0922/225723.488:ERROR:process_memory_win.cc(73)] ReadMemory at 0x7ffa33280000 of 64 bytes failed: Only part of a ReadProcessMemory or WriteProcessMemory request was completed. (0x12B)
[0922/225723.488:WARNING:pe_image_reader.cc(340)] could not read dos header from C:\WINDOWS\SYSTEM32\dbghelp.dll
[0922/225723.488:ERROR:process_memory_win.cc(73)] ReadMemory at 0x7ffa3a2f0000 of 64 bytes failed: Only part of a ReadProcessMemory or WriteProcessMemory request was completed. (0x12B)
[0922/225723.488:WARNING:pe_image_reader.cc(340)] could not read dos header from C:\WINDOWS\SYSTEM32\WINHTTP.dll
[0922/225723.488:ERROR:process_memory_win.cc(73)] ReadMemory at 0x7ffa3ac30000 of 64 bytes failed: Only part of a ReadProcessMemory or WriteProcessMemory request was completed. (0x12B)
[0922/225723.488:WARNING:pe_image_reader.cc(340)] could not read dos header from C:\WINDOWS\SYSTEM32\dhcpcsvc.DLL
[0922/225723.488:ERROR:process_memory_win.cc(73)] ReadMemory at 0x7ffa43a00000 of 64 bytes failed: Only part of a ReadProcessMemory or WriteProcessMemory request was completed. (0x12B)
[0922/225723.488:WARNING:pe_image_reader.cc(340)] could not read dos header from C:\WINDOWS\System32\NSI.dll
[0922/225723.488:ERROR:process_memory_win.cc(73)] ReadMemory at 0x7ffa3eb90000 of 64 bytes failed: Only part of a ReadProcessMemory or WriteProcessMemory request was completed. (0x12B)
[0922/225723.488:WARNING:pe_image_reader.cc(340)] could not read dos header from C:\WINDOWS\SYSTEM32\PROPSYS.dll
[0922/225723.488:ERROR:process_memory_win.cc(73)] ReadMemory at 0x7ffa43d20000 of 64 bytes failed: Only part of a ReadProcessMemory or WriteProcessMemory request was completed. (0x12B)
[0922/225723.488:WARNING:pe_image_reader.cc(340)] could not read dos header from C:\WINDOWS\System32\shcore.dll
[0922/225723.489:ERROR:process_memory_win.cc(73)] ReadMemory at 0x7ffa41420000 of 64 bytes failed: Only part of a ReadProcessMemory or WriteProcessMemory request was completed. (0x12B)
[0922/225723.489:WARNING:pe_image_reader.cc(340)] could not read dos header from C:\WINDOWS\SYSTEM32\SSPICLI.DLL
[0922/225723.489:ERROR:process_memory_win.cc(73)] ReadMemory at 0x7ffa40f60000 of 64 bytes failed: Only part of a ReadProcessMemory or WriteProcessMemory request was completed. (0x12B)
[0922/225723.489:WARNING:pe_image_reader.cc(340)] could not read dos header from C:\WINDOWS\SYSTEM32\CRYPTBASE.DLL
[0922/225723.498:ERROR:process_memory_win.cc(73)] ReadMemory at 0x568b7db000 of 151552 bytes failed: Only part of a ReadProcessMemory or WriteProcessMemory request was completed. (0x12B)
[0922/225723.498:ERROR:process_memory_win.cc(73)] ReadMemory at 0x568bffd000 of 12288 bytes failed: Only part of a ReadProcessMemory or WriteProcessMemory request was completed. (0x12B)
[0922/225723.499:ERROR:process_memory_win.cc(73)] ReadMemory at 0x568c7fd000 of 12288 bytes failed: Only part of a ReadProcessMemory or WriteProcessMemory request was completed. (0x12B)
[0922/225723.499:ERROR:process_memory_win.cc(73)] ReadMemory at 0x568cffd000 of 12288 bytes failed: Only part of a ReadProcessMemory or WriteProcessMemory request was completed. (0x12B)
[0922/225723.499:ERROR:process_memory_win.cc(73)] ReadMemory at 0x568d7fc000 of 16384 bytes failed: Only part of a ReadProcessMemory or WriteProcessMemory request was completed. (0x12B)
[0922/225723.499:ERROR:process_memory_win.cc(73)] ReadMemory at 0x568dffe000 of 8192 bytes failed: Only part of a ReadProcessMemory or WriteProcessMemory request was completed. (0x12B)
[0922/225723.499:ERROR:process_memory_win.cc(73)] ReadMemory at 0x568e7fc000 of 16384 bytes failed: Only part of a ReadProcessMemory or WriteProcessMemory request was completed. (0x12B)
[0922/225723.499:ERROR:process_memory_win.cc(73)] ReadMemory at 0x568effc000 of 16384 bytes failed: Only part of a ReadProcessMemory or WriteProcessMemory request was completed. (0x12B)
[0922/225723.499:ERROR:process_memory_win.cc(73)] ReadMemory at 0x568f7fd000 of 12288 bytes failed: Only part of a ReadProcessMemory or WriteProcessMemory request was completed. (0x12B)
[0922/225723.499:ERROR:process_memory_win.cc(73)] ReadMemory at 0x568fffb000 of 20480 bytes failed: Only part of a ReadProcessMemory or WriteProcessMemory request was completed. (0x12B)
[0922/225723.499:ERROR:process_memory_win.cc(73)] ReadMemory at 0x56907fd000 of 12288 bytes failed: Only part of a ReadProcessMemory or WriteProcessMemory request was completed. (0x12B)
[0922/225723.499:ERROR:process_memory_win.cc(73)] ReadMemory at 0x5690ffd000 of 12288 bytes failed: Only part of a ReadProcessMemory or WriteProcessMemory request was completed. (0x12B)
[0922/225723.499:ERROR:process_memory_win.cc(73)] ReadMemory at 0x56917fd000 of 12288 bytes failed: Only part of a ReadProcessMemory or WriteProcessMemory request was completed. (0x12B)
[0922/225723.499:ERROR:process_memory_win.cc(73)] ReadMemory at 0x5691ffd000 of 12288 bytes failed: Only part of a ReadProcessMemory or WriteProcessMemory request was completed. (0x12B)
[0922/225723.500:ERROR:process_memory_win.cc(73)] ReadMemory at 0x568afcc000 of 852 bytes failed: Only part of a ReadProcessMemory or WriteProcessMemory request was completed. (0x12B)
[0922/225723.500:ERROR:process_memory_win.cc(73)] ReadMemory at 0x568afcd000 of 6024 bytes failed: Only part of a ReadProcessMemory or WriteProcessMemory request was completed. (0x12B)
[0922/225723.500:ERROR:process_memory_win.cc(73)] ReadMemory at 0x568afcf000 of 6024 bytes failed: Only part of a ReadProcessMemory or WriteProcessMemory request was completed. (0x12B)
[0922/225723.500:ERROR:process_memory_win.cc(73)] ReadMemory at 0x568afd1000 of 6024 bytes failed: Only part of a ReadProcessMemory or WriteProcessMemory request was completed. (0x12B)
[0922/225723.500:ERROR:process_memory_win.cc(73)] ReadMemory at 0x568afd3000 of 6024 bytes failed: Only part of a ReadProcessMemory or WriteProcessMemory request was completed. (0x12B)
[0922/225723.500:ERROR:process_memory_win.cc(73)] ReadMemory at 0x568afd5000 of 6024 bytes failed: Only part of a ReadProcessMemory or WriteProcessMemory request was completed. (0x12B)
[0922/225723.500:ERROR:process_memory_win.cc(73)] ReadMemory at 0x568afd7000 of 6024 bytes failed: Only part of a ReadProcessMemory or WriteProcessMemory request was completed. (0x12B)
[0922/225723.500:ERROR:process_memory_win.cc(73)] ReadMemory at 0x568afd9000 of 6024 bytes failed: Only part of a ReadProcessMemory or WriteProcessMemory request was completed. (0x12B)
[0922/225723.500:ERROR:process_memory_win.cc(73)] ReadMemory at 0x568afdb000 of 6024 bytes failed: Only part of a ReadProcessMemory or WriteProcessMemory request was completed. (0x12B)
[0922/225723.500:ERROR:process_memory_win.cc(73)] ReadMemory at 0x568afdd000 of 6024 bytes failed: Only part of a ReadProcessMemory or WriteProcessMemory request was completed. (0x12B)
[0922/225723.500:ERROR:process_memory_win.cc(73)] ReadMemory at 0x568afdf000 of 6024 bytes failed: Only part of a ReadProcessMemory or WriteProcessMemory request was completed. (0x12B)
[0922/225723.501:ERROR:process_memory_win.cc(73)] ReadMemory at 0x568afe1000 of 6024 bytes failed: Only part of a ReadProcessMemory or WriteProcessMemory request was completed. (0x12B)
[0922/225723.501:ERROR:process_memory_win.cc(73)] ReadMemory at 0x568afe3000 of 6024 bytes failed: Only part of a ReadProcessMemory or WriteProcessMemory request was completed. (0x12B)
[0922/225723.501:ERROR:process_memory_win.cc(73)] ReadMemory at 0x568afe5000 of 6024 bytes failed: Only part of a ReadProcessMemory or WriteProcessMemory request was completed. (0x12B)
[0922/225723.501:ERROR:process_memory_win.cc(73)] ReadMemory at 0x568afe7000 of 6024 bytes failed: Only part of a ReadProcessMemory or WriteProcessMemory request was completed. (0x12B)
[0922/225723.501:ERROR:process_memory_win.cc(73)] ReadMemory at 0x2081f010c70 of 512 bytes failed: Only part of a ReadProcessMemory or WriteProcessMemory request was completed. (0x12B)
[0922/225723.501:ERROR:process_memory_win.cc(73)] ReadMemory at 0x2081f010ee0 of 512 bytes failed: Only part of a ReadProcessMemory or WriteProcessMemory request was completed. (0x12B)
[0922/225723.501:ERROR:process_memory_win.cc(73)] ReadMemory at 0x2081f011d20 of 512 bytes failed: Only part of a ReadProcessMemory or WriteProcessMemory request was completed. (0x12B)
[0922/225723.501:ERROR:process_memory_win.cc(73)] ReadMemory at 0x2081f09ff80 of 512 bytes failed: Only part of a ReadProcessMemory or WriteProcessMemory request was completed. (0x12B)
[0922/225723.501:ERROR:process_memory_win.cc(73)] ReadMemory at 0x2081f0a0fe0 of 3636 bytes failed: Only part of a ReadProcessMemory or WriteProcessMemory request was completed. (0x12B)
[0922/225723.501:ERROR:process_memory_win.cc(73)] ReadMemory at 0x2081f0a1e20 of 1012 bytes failed: Only part of a ReadProcessMemory or WriteProcessMemory request was completed. (0x12B)
[0922/225723.501:ERROR:process_memory_win.cc(73)] ReadMemory at 0x2081f0a2468 of 118 bytes failed: Only part of a ReadProcessMemory or WriteProcessMemory request was completed. (0x12B)
[0922/225723.502:ERROR:process_memory_win.cc(73)] ReadMemory at 0x2081f0a24e0 of 884 bytes failed: Only part of a ReadProcessMemory or WriteProcessMemory request was completed. (0x12B)
[0922/225723.502:ERROR:process_memory_win.cc(73)] ReadMemory at 0x2081f0a2856 of 118 bytes failed: Only part of a ReadProcessMemory or WriteProcessMemory request was completed. (0x12B)
[0922/225723.502:ERROR:process_memory_win.cc(73)] ReadMemory at 0x2081f0a28ce of 100 bytes failed: Only part of a ReadProcessMemory or WriteProcessMemory request was completed. (0x12B)
[0922/225723.502:ERROR:process_memory_win.cc(73)] ReadMemory at 0x2081f0a2940 of 58 bytes failed: Only part of a ReadProcessMemory or WriteProcessMemory request was completed. (0x12B)
[0922/225723.502:ERROR:process_memory_win.cc(73)] ReadMemory at 0x2081f0a2a40 of 132 bytes failed: Only part of a ReadProcessMemory or WriteProcessMemory request was completed. (0x12B)
[0922/225723.502:ERROR:process_memory_win.cc(73)] ReadMemory at 0x2081f0a2bd0 of 132 bytes failed: Only part of a ReadProcessMemory or WriteProcessMemory request was completed. (0x12B)
[0922/225723.502:ERROR:process_memory_win.cc(73)] ReadMemory at 0x2081f0a2d90 of 126 bytes failed: Only part of a ReadProcessMemory or WriteProcessMemory request was completed. (0x12B)
[0922/225723.502:ERROR:process_memory_win.cc(73)] ReadMemory at 0x2081f0a3170 of 132 bytes failed: Only part of a ReadProcessMemory or WriteProcessMemory request was completed. (0x12B)
[0922/225723.502:ERROR:process_memory_win.cc(73)] ReadMemory at 0x2081f0a3300 of 64 bytes failed: Only part of a ReadProcessMemory or WriteProcessMemory request was completed. (0x12B)
[0922/225723.502:ERROR:process_memory_win.cc(73)] ReadMemory at 0x2081f0a34c0 of 132 bytes failed: Only part of a ReadProcessMemory or WriteProcessMemory request was completed. (0x12B)
[0922/225723.502:ERROR:process_memory_win.cc(73)] ReadMemory at 0x2081f0a3760 of 132 bytes failed: Only part of a ReadProcessMemory or WriteProcessMemory request was completed. (0x12B)
[0922/225723.502:ERROR:process_memory_win.cc(73)] ReadMemory at 0x2081f0a38f0 of 68 bytes failed: Only part of a ReadProcessMemory or WriteProcessMemory request was completed. (0x12B)
[0922/225723.503:ERROR:process_memory_win.cc(73)] ReadMemory at 0x2081f0a4a00 of 132 bytes failed: Only part of a ReadProcessMemory or WriteProcessMemory request was completed. (0x12B)
[0922/225723.503:ERROR:process_memory_win.cc(73)] ReadMemory at 0x2081f0a4b90 of 154 bytes failed: Only part of a ReadProcessMemory or WriteProcessMemory request was completed. (0x12B)
[0922/225723.503:ERROR:process_memory_win.cc(73)] ReadMemory at 0x2081f0a59b0 of 60 bytes failed: Only part of a ReadProcessMemory or WriteProcessMemory request was completed. (0x12B)
[0922/225723.503:ERROR:process_memory_win.cc(73)] ReadMemory at 0x2081f0a5e90 of 62 bytes failed: Only part of a ReadProcessMemory or WriteProcessMemory request was completed. (0x12B)
[0922/225723.503:ERROR:process_memory_win.cc(73)] ReadMemory at 0x2081f0a5fd0 of 132 bytes failed: Only part of a ReadProcessMemory or WriteProcessMemory request was completed. (0x12B)
[0922/225723.503:ERROR:process_memory_win.cc(73)] ReadMemory at 0x2081f0ad080 of 60 bytes failed: Only part of a ReadProcessMemory or WriteProcessMemory request was completed. (0x12B)
[0922/225723.503:ERROR:process_memory_win.cc(73)] ReadMemory at 0x2081f0ad440 of 62 bytes failed: Only part of a ReadProcessMemory or WriteProcessMemory request was completed. (0x12B)
[0922/225723.503:ERROR:process_memory_win.cc(73)] ReadMemory at 0x2081f0ad530 of 62 bytes failed: Only part of a ReadProcessMemory or WriteProcessMemory request was completed. (0x12B)
[0922/225723.503:ERROR:process_memory_win.cc(73)] ReadMemory at 0x2081f0b2000 of 80 bytes failed: Only part of a ReadProcessMemory or WriteProcessMemory request was completed. (0x12B)
[0922/225723.503:ERROR:process_memory_win.cc(73)] ReadMemory at 0x2081f0b21e0 of 76 bytes failed: Only part of a ReadProcessMemory or WriteProcessMemory request was completed. (0x12B)
[0922/225723.503:ERROR:process_memory_win.cc(73)] ReadMemory at 0x2081f0b3540 of 132 bytes failed: Only part of a ReadProcessMemory or WriteProcessMemory request was completed. (0x12B)
[0922/225723.503:ERROR:process_memory_win.cc(73)] ReadMemory at 0x2081f0b38e0 of 132 bytes failed: Only part of a ReadProcessMemory or WriteProcessMemory request was completed. (0x12B)
[0922/225723.503:ERROR:process_memory_win.cc(73)] ReadMemory at 0x2081f0b74c0 of 132 bytes failed: Only part of a ReadProcessMemory or WriteProcessMemory request was completed. (0x12B)
[0922/225723.503:ERROR:process_memory_win.cc(73)] ReadMemory at 0x2081f0b76f0 of 132 bytes failed: Only part of a ReadProcessMemory or WriteProcessMemory request was completed. (0x12B)
[0922/225723.503:ERROR:process_memory_win.cc(73)] ReadMemory at 0x2081f0b7e30 of 132 bytes failed: Only part of a ReadProcessMemory or WriteProcessMemory request was completed. (0x12B)
[0922/225723.504:ERROR:process_memory_win.cc(73)] ReadMemory at 0x2081f0b9220 of 132 bytes failed: Only part of a ReadProcessMemory or WriteProcessMemory request was completed. (0x12B)
[0922/225723.504:ERROR:process_memory_win.cc(73)] ReadMemory at 0x2081f0b9350 of 132 bytes failed: Only part of a ReadProcessMemory or WriteProcessMemory request was completed. (0x12B)
[0922/225723.504:ERROR:process_memory_win.cc(73)] ReadMemory at 0x2081f0b9570 of 132 bytes failed: Only part of a ReadProcessMemory or WriteProcessMemory request was completed. (0x12B)
[0922/225723.504:ERROR:process_memory_win.cc(73)] ReadMemory at 0x2081f0b9790 of 62 bytes failed: Only part of a ReadProcessMemory or WriteProcessMemory request was completed. (0x12B)
[0922/225723.504:ERROR:process_memory_win.cc(73)] ReadMemory at 0x2081f0b9880 of 62 bytes failed: Only part of a ReadProcessMemory or WriteProcessMemory request was completed. (0x12B)
[0922/225723.504:ERROR:process_memory_win.cc(73)] ReadMemory at 0x2081f0b9ab0 of 64 bytes failed: Only part of a ReadProcessMemory or WriteProcessMemory request was completed. (0x12B)
[0922/225723.504:ERROR:process_memory_win.cc(73)] ReadMemory at 0x2081f0b9b50 of 62 bytes failed: Only part of a ReadProcessMemory or WriteProcessMemory request was completed. (0x12B)
[0922/225723.504:ERROR:process_memory_win.cc(73)] ReadMemory at 0x2081f0b9ba0 of 62 bytes failed: Only part of a ReadProcessMemory or WriteProcessMemory request was completed. (0x12B)
[0922/225723.504:ERROR:process_memory_win.cc(73)] ReadMemory at 0x2081f0b9bf0 of 60 bytes failed: Only part of a ReadProcessMemory or WriteProcessMemory request was completed. (0x12B)
[0922/225723.504:ERROR:process_memory_win.cc(73)] ReadMemory at 0x2081f0b9c40 of 60 bytes failed: Only part of a ReadProcessMemory or WriteProcessMemory request was completed. (0x12B)
[0922/225723.504:ERROR:process_memory_win.cc(73)] ReadMemory at 0x2081f0b9c90 of 58 bytes failed: Only part of a ReadProcessMemory or WriteProcessMemory request was completed. (0x12B)
[0922/225723.504:ERROR:process_memory_win.cc(73)] ReadMemory at 0x2081f0b9d30 of 64 bytes failed: Only part of a ReadProcessMemory or WriteProcessMemory request was completed. (0x12B)
[0922/225723.504:ERROR:process_memory_win.cc(73)] ReadMemory at 0x2081f0b9dd0 of 64 bytes failed: Only part of a ReadProcessMemory or WriteProcessMemory request was completed. (0x12B)
[0922/225723.504:ERROR:process_memory_win.cc(73)] ReadMemory at 0x2081f0b9e20 of 64 bytes failed: Only part of a ReadProcessMemory or WriteProcessMemory request was completed. (0x12B)
[0922/225723.504:ERROR:process_memory_win.cc(73)] ReadMemory at 0x2081f0b9ec0 of 66 bytes failed: Only part of a ReadProcessMemory or WriteProcessMemory request was completed. (0x12B)
[0922/225723.505:ERROR:process_memory_win.cc(73)] ReadMemory at 0x2081f0b9f60 of 60 bytes failed: Only part of a ReadProcessMemory or WriteProcessMemory request was completed. (0x12B)
[0922/225723.505:ERROR:process_memory_win.cc(73)] ReadMemory at 0x2081f0b9fb0 of 62 bytes failed: Only part of a ReadProcessMemory or WriteProcessMemory request was completed. (0x12B)
[0922/225723.505:ERROR:process_memory_win.cc(73)] ReadMemory at 0x2081f0ba000 of 62 bytes failed: Only part of a ReadProcessMemory or WriteProcessMemory request was completed. (0x12B)
[0922/225723.505:ERROR:process_memory_win.cc(73)] ReadMemory at 0x2081f0ba0a0 of 64 bytes failed: Only part of a ReadProcessMemory or WriteProcessMemory request was completed. (0x12B)
[0922/225723.505:ERROR:process_memory_win.cc(73)] ReadMemory at 0x2081f0ba0f0 of 64 bytes failed: Only part of a ReadProcessMemory or WriteProcessMemory request was completed. (0x12B)
[0922/225723.505:ERROR:process_memory_win.cc(73)] ReadMemory at 0x2081f0ba140 of 60 bytes failed: Only part of a ReadProcessMemory or WriteProcessMemory request was completed. (0x12B)
[0922/225723.505:ERROR:process_memory_win.cc(73)] ReadMemory at 0x2081f0ba190 of 64 bytes failed: Only part of a ReadProcessMemory or WriteProcessMemory request was completed. (0x12B)
[0922/225723.505:ERROR:process_memory_win.cc(73)] ReadMemory at 0x2081f0ba370 of 62 bytes failed: Only part of a ReadProcessMemory or WriteProcessMemory request was completed. (0x12B)
[0922/225723.505:ERROR:process_memory_win.cc(73)] ReadMemory at 0x2081f0ba5a0 of 60 bytes failed: Only part of a ReadProcessMemory or WriteProcessMemory request was completed. (0x12B)
[0922/225723.505:ERROR:process_memory_win.cc(73)] ReadMemory at 0x2081f0ba640 of 66 bytes failed: Only part of a ReadProcessMemory or WriteProcessMemory request was completed. (0x12B)
[0922/225723.505:ERROR:process_memory_win.cc(73)] ReadMemory at 0x2081f0ba690 of 64 bytes failed: Only part of a ReadProcessMemory or WriteProcessMemory request was completed. (0x12B)
[0922/225723.505:ERROR:process_memory_win.cc(73)] ReadMemory at 0x2081f0ba6e0 of 62 bytes failed: Only part of a ReadProcessMemory or WriteProcessMemory request was completed. (0x12B)
[0922/225723.505:ERROR:process_memory_win.cc(73)] ReadMemory at 0x2081f0bb030 of 80 bytes failed: Only part of a ReadProcessMemory or WriteProcessMemory request was completed. (0x12B)
[0922/225723.505:ERROR:process_memory_win.cc(73)] ReadMemory at 0x2081f0bfd10 of 54 bytes failed: Only part of a ReadProcessMemory or WriteProcessMemory request was completed. (0x12B)
[0922/225723.505:ERROR:process_memory_win.cc(73)] ReadMemory at 0x2081f0c2810 of 132 bytes failed: Only part of a ReadProcessMemory or WriteProcessMemory request was completed. (0x12B)
[0922/225723.505:ERROR:process_memory_win.cc(73)] ReadMemory at 0x2081f0c2d50 of 146 bytes failed: Only part of a ReadProcessMemory or WriteProcessMemory request was completed. (0x12B)
[0922/225723.506:ERROR:process_memory_win.cc(73)] ReadMemory at 0x2081f0c3b70 of 132 bytes failed: Only part of a ReadProcessMemory or WriteProcessMemory request was completed. (0x12B)
[0922/225723.506:ERROR:process_memory_win.cc(73)] ReadMemory at 0x2081f0c3de0 of 132 bytes failed: Only part of a ReadProcessMemory or WriteProcessMemory request was completed. (0x12B)
[0922/225723.506:ERROR:process_memory_win.cc(73)] ReadMemory at 0x2081f0c3f10 of 132 bytes failed: Only part of a ReadProcessMemory or WriteProcessMemory request was completed. (0x12B)
[0922/225723.506:ERROR:process_memory_win.cc(73)] ReadMemory at 0x2081f0c4040 of 132 bytes failed: Only part of a ReadProcessMemory or WriteProcessMemory request was completed. (0x12B)
[0922/225723.506:ERROR:process_memory_win.cc(73)] ReadMemory at 0x2081f0c4170 of 132 bytes failed: Only part of a ReadProcessMemory or WriteProcessMemory request was completed. (0x12B)
[0922/225723.506:ERROR:process_memory_win.cc(73)] ReadMemory at 0x2081f0c43d0 of 132 bytes failed: Only part of a ReadProcessMemory or WriteProcessMemory request was completed. (0x12B)
[0922/225723.506:ERROR:process_memory_win.cc(73)] ReadMemory at 0x2081f0c4500 of 132 bytes failed: Only part of a ReadProcessMemory or WriteProcessMemory request was completed. (0x12B)
[0922/225723.506:ERROR:process_memory_win.cc(73)] ReadMemory at 0x2081f0c4630 of 132 bytes failed: Only part of a ReadProcessMemory or WriteProcessMemory request was completed. (0x12B)
[0922/225723.506:ERROR:process_memory_win.cc(73)] ReadMemory at 0x2081f0c4760 of 132 bytes failed: Only part of a ReadProcessMemory or WriteProcessMemory request was completed. (0x12B)
[0922/225723.506:ERROR:process_memory_win.cc(73)] ReadMemory at 0x2081f0c4890 of 132 bytes failed: Only part of a ReadProcessMemory or WriteProcessMemory request was completed. (0x12B)
[0922/225723.506:ERROR:process_memory_win.cc(73)] ReadMemory at 0x2081f0c49c0 of 132 bytes failed: Only part of a ReadProcessMemory or WriteProcessMemory request was completed. (0x12B)
[0922/225723.506:ERROR:process_memory_win.cc(73)] ReadMemory at 0x2081f0c4af0 of 132 bytes failed: Only part of a ReadProcessMemory or WriteProcessMemory request was completed. (0x12B)
[0922/225723.506:ERROR:process_memory_win.cc(73)] ReadMemory at 0x2081f0c4c20 of 132 bytes failed: Only part of a ReadProcessMemory or WriteProcessMemory request was completed. (0x12B)
[0922/225723.506:ERROR:process_memory_win.cc(73)] ReadMemory at 0x2081f0c69f0 of 132 bytes failed: Only part of a ReadProcessMemory or WriteProcessMemory request was completed. (0x12B)
[0922/225723.506:ERROR:process_memory_win.cc(73)] ReadMemory at 0x2081f0c6fe0 of 132 bytes failed: Only part of a ReadProcessMemory or WriteProcessMemory request was completed. (0x12B)
[0922/225723.507:ERROR:process_memory_win.cc(73)] ReadMemory at 0x2081f0c7240 of 132 bytes failed: Only part of a ReadProcessMemory or WriteProcessMemory request was completed. (0x12B)
[0922/225723.507:ERROR:process_memory_win.cc(73)] ReadMemory at 0x2081f0c7370 of 132 bytes failed: Only part of a ReadProcessMemory or WriteProcessMemory request was completed. (0x12B)
[0922/225723.507:ERROR:process_memory_win.cc(73)] ReadMemory at 0x2081f0c74a0 of 132 bytes failed: Only part of a ReadProcessMemory or WriteProcessMemory request was completed. (0x12B)
[0922/225723.507:ERROR:process_memory_win.cc(73)] ReadMemory at 0x2081f0c7700 of 132 bytes failed: Only part of a ReadProcessMemory or WriteProcessMemory request was completed. (0x12B)
[0922/225723.507:ERROR:process_memory_win.cc(73)] ReadMemory at 0x2081f0c7960 of 132 bytes failed: Only part of a ReadProcessMemory or WriteProcessMemory request was completed. (0x12B)
[0922/225723.507:ERROR:process_memory_win.cc(73)] ReadMemory at 0x2081f0c7cf0 of 132 bytes failed: Only part of a ReadProcessMemory or WriteProcessMemory request was completed. (0x12B)
[0922/225723.507:ERROR:process_memory_win.cc(73)] ReadMemory at 0x2081f0c8080 of 132 bytes failed: Only part of a ReadProcessMemory or WriteProcessMemory request was completed. (0x12B)
[0922/225723.507:ERROR:process_memory_win.cc(73)] ReadMemory at 0x2081f0c8670 of 132 bytes failed: Only part of a ReadProcessMemory or WriteProcessMemory request was completed. (0x12B)
[0922/225723.507:ERROR:process_memory_win.cc(73)] ReadMemory at 0x2081f10b350 of 640 bytes failed: Only part of a ReadProcessMemory or WriteProcessMemory request was completed. (0x12B)
[0922/225723.507:ERROR:process_memory_win.cc(73)] ReadMemory at 0x2081f11d690 of 512 bytes failed: Only part of a ReadProcessMemory or WriteProcessMemory request was completed. (0x12B)
[0922/225723.507:ERROR:process_memory_win.cc(73)] ReadMemory at 0x2081f12beb0 of 512 bytes failed: Only part of a ReadProcessMemory or WriteProcessMemory request was completed. (0x12B)
[0922/225723.507:ERROR:process_memory_win.cc(73)] ReadMemory at 0x2081f131fc0 of 512 bytes failed: Only part of a ReadProcessMemory or WriteProcessMemory request was completed. (0x12B)
[0922/225723.507:ERROR:process_memory_win.cc(73)] ReadMemory at 0x2081f13beb0 of 512 bytes failed: Only part of a ReadProcessMemory or WriteProcessMemory request was completed. (0x12B)
[0922/225723.507:ERROR:process_memory_win.cc(73)] ReadMemory at 0x2081f14de60 of 712 bytes failed: Only part of a ReadProcessMemory or WriteProcessMemory request was completed. (0x12B)
[0922/225723.507:ERROR:process_memory_win.cc(73)] ReadMemory at 0x2081f1549c0 of 512 bytes failed: Only part of a ReadProcessMemory or WriteProcessMemory request was completed. (0x12B)
[0922/225723.508:ERROR:process_memory_win.cc(73)] ReadMemory at 0x20820a50000 of 384 bytes failed: Only part of a ReadProcessMemory or WriteProcessMemory request was completed. (0x12B)
[0922/225723.508:ERROR:process_memory_win.cc(73)] ReadMemory at 0x20820a57440 of 512 bytes failed: Only part of a ReadProcessMemory or WriteProcessMemory request was completed. (0x12B)
[0922/225723.508:ERROR:process_memory_win.cc(73)] ReadMemory at 0x20820ac07b0 of 512 bytes failed: Only part of a ReadProcessMemory or WriteProcessMemory request was completed. (0x12B)
[0922/225723.508:ERROR:process_memory_win.cc(73)] ReadMemory at 0x20820b45514 of 512 bytes failed: Only part of a ReadProcessMemory or WriteProcessMemory request was completed. (0x12B)
[0922/225723.508:ERROR:process_memory_win.cc(73)] ReadMemory at 0x20820b45b52 of 512 bytes failed: Only part of a ReadProcessMemory or WriteProcessMemory request was completed. (0x12B)
[0922/225723.508:ERROR:process_memory_win.cc(73)] ReadMemory at 0x20820b4cc10 of 512 bytes failed: Only part of a ReadProcessMemory or WriteProcessMemory request was completed. (0x12B)
[0922/225723.508:ERROR:process_memory_win.cc(73)] ReadMemory at 0x20820e2d640 of 512 bytes failed: Only part of a ReadProcessMemory or WriteProcessMemory request was completed. (0x12B)
[0922/225723.508:ERROR:process_memory_win.cc(73)] ReadMemory at 0x20820e309c0 of 512 bytes failed: Only part of a ReadProcessMemory or WriteProcessMemory request was completed. (0x12B)
[0922/225723.508:ERROR:process_memory_win.cc(73)] ReadMemory at 0x6d9081a60d1 of 512 bytes failed: Only part of a ReadProcessMemory or WriteProcessMemory request was completed. (0x12B)
[0922/225723.508:ERROR:process_memory_win.cc(73)] ReadMemory at 0x62c078e3bd48 of 512 bytes failed: Only part of a ReadProcessMemory or WriteProcessMemory request was completed. (0x12B)
[0922/225723.508:ERROR:process_memory_win.cc(73)] ReadMemory at 0x7ffa01a8fea3 of 512 bytes failed: Only part of a ReadProcessMemory or WriteProcessMemory request was completed. (0x12B)
[0922/225723.509:ERROR:process_memory_win.cc(73)] ReadMemory at 0x7ffa01cba184 of 512 bytes failed: Only part of a ReadProcessMemory or WriteProcessMemory request was completed. (0x12B)
[0922/225723.509:ERROR:process_memory_win.cc(73)] ReadMemory at 0x7ffa029be17d of 512 bytes failed: Only part of a ReadProcessMemory or WriteProcessMemory request was completed. (0x12B)
[0922/225723.509:ERROR:process_memory_win.cc(73)] ReadMemory at 0x7ffa073616e8 of 512 bytes failed: Only part of a ReadProcessMemory or WriteProcessMemory request was completed. (0x12B)
[0922/225723.509:ERROR:process_memory_win.cc(73)] ReadMemory at 0x7ffa085e9ef0 of 512 bytes failed: Only part of a ReadProcessMemory or WriteProcessMemory request was completed. (0x12B)
[0922/225723.509:ERROR:process_memory_win.cc(73)] ReadMemory at 0x7ffa41653aa9 of 512 bytes failed: Only part of a ReadProcessMemory or WriteProcessMemory request was completed. (0x12B)
[0922/225723.509:ERROR:process_memory_win.cc(73)] ReadMemory at 0x7ffa4187d700 of 512 bytes failed: Only part of a ReadProcessMemory or WriteProcessMemory request was completed. (0x12B)
[0922/225723.509:ERROR:process_memory_win.cc(73)] ReadMemory at 0x7ffa42da1f80 of 512 bytes failed: Only part of a ReadProcessMemory or WriteProcessMemory request was completed. (0x12B)
[0922/225723.509:ERROR:process_memory_win.cc(73)] ReadMemory at 0x7ffa4471c074 of 672 bytes failed: Only part of a ReadProcessMemory or WriteProcessMemory request was completed. (0x12B)
[0922/225723.510:ERROR:process_memory_win.cc(73)] ReadMemory at 0x7ffa4471c674 of 512 bytes failed: Only part of a ReadProcessMemory or WriteProcessMemory request was completed. (0x12B)
[0922/225723.510:ERROR:process_memory_win.cc(73)] ReadMemory at 0x7ffa4471f924 of 608 bytes failed: Only part of a ReadProcessMemory or WriteProcessMemory request was completed. (0x12B)
[0922/225723.510:ERROR:process_memory_win.cc(73)] ReadMemory at 0x7ffa447ac428 of 18 bytes failed: Only part of a ReadProcessMemory or WriteProcessMemory request was completed. (0x12B)
[0922/225723.510:ERROR:process_memory_win.cc(73)] ReadMemory at 0x7ffa447df4f8 of 40 bytes failed: Only part of a ReadProcessMemory or WriteProcessMemory request was completed. (0x12B)
[0922/225723.510:ERROR:process_memory_win.cc(73)] ReadMemory at 0x7ffa447df978 of 48 bytes failed: Only part of a ReadProcessMemory or WriteProcessMemory request was completed. (0x12B)
[0922/225723.510:ERROR:process_memory_win.cc(73)] ReadMemory at 0x7ffa447e53c0 of 64 bytes failed: Only part of a ReadProcessMemory or WriteProcessMemory request was completed. (0x12B)
[0922/225723.511:ERROR:scoped_process_suspend.cc(40)] NtResumeProcess: An attempt was made to access an exiting process. (0xc000010a)
